00000011
00000000
00000100
00100000
00000011
00000000
00000101
00100000
00000101
00000000
00000000
00001100
00100000
01000000
00000010
00000000
00010110
00000000
00000000
00001000
11110100
11111111
10111101
00100011
00001000
00000000
10111111
10101111
00000100
00000000
10100100
10101111
00000000
00000000
10100101
10101111
00100000
01000000
00000000
00000000
00000011
00000000
10101000
00010100
00100000
00010000
00000101
00000000
00001100
00000000
10111101
00100011
00001000
00000000
11100000
00000011
11111111
11111111
10100101
00100000
00000101
00000000
00000000
00001100
00000000
00000000
10100101
10001111
00000100
00000000
10100100
10001111
00001000
00000000
10111111
10001111
00001100
00000000
10111101
00100011
00100000
00010000
10000010
00000000
00001000
00000000
11100000
00000011
00100000
10000000
00000000
00000000