00000011
00000000
00001000
00100000
00000000
00000000
10001000
10101111
00000000
00000000
00001000
00100000
00000100
00000000
10001000
10101111
00000001
00000000
00001000
00100000
00001000
00000000
10001000
10101111
00000010
00000000
00001000
00100000
00001100
00000000
10001000
10101111
11111010
11111111
00001000
00100000
00010000
00000000
10001000
10101111
00000000
00000000
10001000
10001111
00001000
00000000
10001001
10001111
00010000
00000000
10001010
10001111
00100000
01011000
00001001
00000001
00100000
01011000
01001011
00000001